The target system is: Emscripten - 1 - x86
The host system is: Linux - 5.10.16.3-microsoft-standard-WSL2 - x86_64
Performing C SOURCE FILE Test CMAKE_HAVE_LIBC_PTHREAD succeeded with the following output:
Change Dir: /src/build/CMakeFiles/CMakeTmp

Run Build Command(s):/usr/bin/make cmTC_d235d/fast && /usr/bin/make -f CMakeFiles/cmTC_d235d.dir/build.make CMakeFiles/cmTC_d235d.dir/build
make[1]: Entering directory '/src/build/CMakeFiles/CMakeTmp'
Building C object CMakeFiles/cmTC_d235d.dir/src.c.o
/emsdk/upstream/emscripten/emcc   -DCMAKE_HAVE_LIBC_PTHREAD -fPIE   -o CMakeFiles/cmTC_d235d.dir/src.c.o   -c /src/build/CMakeFiles/CMakeTmp/src.c
Linking C executable cmTC_d235d.js
/usr/bin/cmake -E cmake_link_script CMakeFiles/cmTC_d235d.dir/link.txt --verbose=1
/emsdk/upstream/emscripten/emcc  -DCMAKE_HAVE_LIBC_PTHREAD    @CMakeFiles/cmTC_d235d.dir/objects1.rsp  -o cmTC_d235d.js 
make[1]: Leaving directory '/src/build/CMakeFiles/CMakeTmp'


Source file was:
#include <pthread.h>

void* test_func(void* data)
{
  return data;
}

int main(void)
{
  pthread_t thread;
  pthread_create(&thread, NULL, test_func, NULL);
  pthread_detach(thread);
  pthread_join(thread, NULL);
  pthread_atfork(NULL, NULL, NULL);
  pthread_exit(NULL);

  return 0;
}

Determining if the include file malloc.h exists passed with the following output:
Change Dir: /src/build/CMakeFiles/CMakeTmp

Run Build Command(s):/usr/bin/make cmTC_aeb35/fast && /usr/bin/make -f CMakeFiles/cmTC_aeb35.dir/build.make CMakeFiles/cmTC_aeb35.dir/build
make[1]: Entering directory '/src/build/CMakeFiles/CMakeTmp'
Building C object CMakeFiles/cmTC_aeb35.dir/CheckIncludeFile.c.o
/emsdk/upstream/emscripten/emcc   -fPIE   -o CMakeFiles/cmTC_aeb35.dir/CheckIncludeFile.c.o   -c /src/build/CMakeFiles/CMakeTmp/CheckIncludeFile.c
Linking C executable cmTC_aeb35.js
/usr/bin/cmake -E cmake_link_script CMakeFiles/cmTC_aeb35.dir/link.txt --verbose=1
/emsdk/upstream/emscripten/emcc      @CMakeFiles/cmTC_aeb35.dir/objects1.rsp  -o cmTC_aeb35.js 
make[1]: Leaving directory '/src/build/CMakeFiles/CMakeTmp'



Determining if the include file stdint.h exists passed with the following output:
Change Dir: /src/build/CMakeFiles/CMakeTmp

Run Build Command(s):/usr/bin/make cmTC_ac669/fast && /usr/bin/make -f CMakeFiles/cmTC_ac669.dir/build.make CMakeFiles/cmTC_ac669.dir/build
make[1]: Entering directory '/src/build/CMakeFiles/CMakeTmp'
Building C object CMakeFiles/cmTC_ac669.dir/CheckIncludeFile.c.o
/emsdk/upstream/emscripten/emcc   -fPIE   -o CMakeFiles/cmTC_ac669.dir/CheckIncludeFile.c.o   -c /src/build/CMakeFiles/CMakeTmp/CheckIncludeFile.c
Linking C executable cmTC_ac669.js
/usr/bin/cmake -E cmake_link_script CMakeFiles/cmTC_ac669.dir/link.txt --verbose=1
/emsdk/upstream/emscripten/emcc      @CMakeFiles/cmTC_ac669.dir/objects1.rsp  -o cmTC_ac669.js 
make[1]: Leaving directory '/src/build/CMakeFiles/CMakeTmp'



Determining if the include file stdbool.h exists passed with the following output:
Change Dir: /src/build/CMakeFiles/CMakeTmp

Run Build Command(s):/usr/bin/make cmTC_01569/fast && /usr/bin/make -f CMakeFiles/cmTC_01569.dir/build.make CMakeFiles/cmTC_01569.dir/build
make[1]: Entering directory '/src/build/CMakeFiles/CMakeTmp'
Building C object CMakeFiles/cmTC_01569.dir/CheckIncludeFile.c.o
/emsdk/upstream/emscripten/emcc   -fPIE   -o CMakeFiles/cmTC_01569.dir/CheckIncludeFile.c.o   -c /src/build/CMakeFiles/CMakeTmp/CheckIncludeFile.c
Linking C executable cmTC_01569.js
/usr/bin/cmake -E cmake_link_script CMakeFiles/cmTC_01569.dir/link.txt --verbose=1
/emsdk/upstream/emscripten/emcc      @CMakeFiles/cmTC_01569.dir/objects1.rsp  -o cmTC_01569.js 
make[1]: Leaving directory '/src/build/CMakeFiles/CMakeTmp'



Determining if the function posix_memalign exists passed with the following output:
Change Dir: /src/build/CMakeFiles/CMakeTmp

Run Build Command(s):/usr/bin/make cmTC_56ab2/fast && /usr/bin/make -f CMakeFiles/cmTC_56ab2.dir/build.make CMakeFiles/cmTC_56ab2.dir/build
make[1]: Entering directory '/src/build/CMakeFiles/CMakeTmp'
Building C object CMakeFiles/cmTC_56ab2.dir/CheckFunctionExists.c.o
/emsdk/upstream/emscripten/emcc   -DCHECK_FUNCTION_EXISTS=posix_memalign -fPIE   -o CMakeFiles/cmTC_56ab2.dir/CheckFunctionExists.c.o   -c /usr/share/cmake-3.16/Modules/CheckFunctionExists.c
Linking C executable cmTC_56ab2.js
/usr/bin/cmake -E cmake_link_script CMakeFiles/cmTC_56ab2.dir/link.txt --verbose=1
/emsdk/upstream/emscripten/emcc  -DCHECK_FUNCTION_EXISTS=posix_memalign    @CMakeFiles/cmTC_56ab2.dir/objects1.rsp  -o cmTC_56ab2.js 
wasm-ld: warning: function signature mismatch: posix_memalign
>>> defined as () -> i32 in CMakeFiles/cmTC_56ab2.dir/CheckFunctionExists.c.o
>>> defined as (i32, i32, i32) -> i32 in /emsdk/upstream/emscripten/cache/sysroot/lib/wasm32-emscripten/libdlmalloc.a(dlmalloc.o)
make[1]: Leaving directory '/src/build/CMakeFiles/CMakeTmp'



